mobile/Android/AdobeSampleApp/app/build/intermediates/manifest_merge_blame_file/debug/manifest-merger-blame-debug-report.txt
1<?xml version="1.0" encoding="utf-8"?>
2<manifest xmlns:android="http://schemas.android.com/apk/res/android"
3    package="com.adobe.adbmobilesamples" >
4
5    <uses-sdk
6        android:minSdkVersion="26"
6-->src/main/AndroidManifest.xml
7        android:targetSdkVersion="26" />
7-->src/main/AndroidManifest.xml
8
9    <uses-permission android:name="android.permission.INTERNET" />
9-->src/main/AndroidManifest.xml:5:5-67
9-->src/main/AndroidManifest.xml:5:22-64
10    <uses-permission android:name="android.permission.ACCESS_NETWORK_STATE" />
10-->src/main/AndroidManifest.xml:6:5-79
10-->src/main/AndroidManifest.xml:6:22-76
11    <uses-permission android:name="android.permission.ACCESS_LOCATION_EXTRA_COMMANDS" />
11-->src/main/AndroidManifest.xml:7:5-89
11-->src/main/AndroidManifest.xml:7:22-86
12    <uses-permission android:name="android.permission.ACCESS_FINE_LOCATION" />
12-->src/main/AndroidManifest.xml:8:5-79
12-->src/main/AndroidManifest.xml:8:22-76
13    <uses-permission android:name="android.permission.ACCESS_COARSE_LOCATION" />
13-->src/main/AndroidManifest.xml:9:5-81
13-->src/main/AndroidManifest.xml:9:22-78
14    <uses-permission android:name="android.permission.GET_ACCOUNTS" />
14-->src/main/AndroidManifest.xml:10:5-71
14-->src/main/AndroidManifest.xml:10:22-68
15    <uses-permission android:name="android.permission.WAKE_LOCK" />
15-->src/main/AndroidManifest.xml:11:5-68
15-->src/main/AndroidManifest.xml:11:22-65
16    <uses-permission android:name="com.google.android.c2dm.permission.RECEIVE" />
16-->src/main/AndroidManifest.xml:12:5-82
16-->src/main/AndroidManifest.xml:12:22-79
17    <!-- Offline DRM related permissions -->
18    <uses-permission android:name="android.permission.READ_EXTERNAL_STORAGE" />
18-->[com.brightcove.player:exoplayer2:6.4.0] AndroidManifest.xml:9:5-80
18-->[com.brightcove.player:exoplayer2:6.4.0] AndroidManifest.xml:9:22-77
19    <uses-permission android:name="android.permission.WRITE_EXTERNAL_STORAGE" />
19-->[com.brightcove.player:exoplayer2:6.4.0] AndroidManifest.xml:10:5-81
19-->[com.brightcove.player:exoplayer2:6.4.0] AndroidManifest.xml:10:22-78
20
21    <application
21-->src/main/AndroidManifest.xml:14:5-39:19
22        android:debuggable="true"
23        android:icon="@drawable/icon"
23-->src/main/AndroidManifest.xml:14:46-75
24        android:label="SDK Samples"
24-->src/main/AndroidManifest.xml:14:18-45
25        android:testOnly="true"
26        android:theme="@android:style/Theme.NoTitleBar" >
26-->src/main/AndroidManifest.xml:14:76-123
27        <activity
27-->src/main/AndroidManifest.xml:16:9-21:20
28            android:name="com.adobe.adbmobilesamples.MenuActivity"
28-->src/main/AndroidManifest.xml:16:19-46
29            android:label="SDK Samples"
29-->src/main/AndroidManifest.xml:16:47-74
30            android:screenOrientation="portrait" >
30-->src/main/AndroidManifest.xml:16:75-111
31            <intent-filter>
31-->src/main/AndroidManifest.xml:17:13-20:29
32                <action android:name="android.intent.action.MAIN" />
32-->src/main/AndroidManifest.xml:18:17-68
32-->src/main/AndroidManifest.xml:18:25-66
33
34                <category android:name="android.intent.category.LAUNCHER" />
34-->src/main/AndroidManifest.xml:19:17-76
34-->src/main/AndroidManifest.xml:19:27-74
35            </intent-filter>
36        </activity>
37        <activity
37-->src/main/AndroidManifest.xml:22:9-97
38            android:name="com.adobe.adbmobilesamples.SimpleTrackingActivity"
38-->src/main/AndroidManifest.xml:22:19-57
39            android:screenOrientation="portrait" />
39-->src/main/AndroidManifest.xml:22:58-94
40        <activity
40-->src/main/AndroidManifest.xml:23:9-90
41            android:name="com.adobe.adbmobilesamples.GalleryActivity"
41-->src/main/AndroidManifest.xml:23:19-50
42            android:screenOrientation="portrait" />
42-->src/main/AndroidManifest.xml:23:51-87
43        <activity
43-->src/main/AndroidManifest.xml:24:9-95
44            android:name="com.adobe.adbmobilesamples.TimedActionsActivity"
44-->src/main/AndroidManifest.xml:24:19-55
45            android:screenOrientation="portrait" />
45-->src/main/AndroidManifest.xml:24:56-92
46        <activity
46-->src/main/AndroidManifest.xml:25:9-90
47            android:name="com.adobe.adbmobilesamples.PrivacyActivity"
47-->src/main/AndroidManifest.xml:25:19-50
48            android:screenOrientation="portrait" />
48-->src/main/AndroidManifest.xml:25:51-87
49        <activity
49-->src/main/AndroidManifest.xml:26:9-88
50            android:name="com.adobe.adbmobilesamples.MediaActivity"
50-->src/main/AndroidManifest.xml:26:19-48
51            android:screenOrientation="portrait" />
51-->src/main/AndroidManifest.xml:26:49-85
52        <activity
52-->src/main/AndroidManifest.xml:27:9-100
53            android:name="com.adobe.adbmobilesamples.TargetingLocationActivity"
53-->src/main/AndroidManifest.xml:27:19-60
54            android:screenOrientation="portrait" />
54-->src/main/AndroidManifest.xml:27:61-97
55        <activity
55-->src/main/AndroidManifest.xml:28:9-96
56            android:name="com.adobe.adbmobilesamples.LifetimeValueActivity"
56-->src/main/AndroidManifest.xml:28:19-56
57            android:screenOrientation="portrait" />
57-->src/main/AndroidManifest.xml:28:57-93
58        <activity android:name="com.adobe.adbmobilesamples.VideoPlayerActivity" />
58-->src/main/AndroidManifest.xml:29:9-57
58-->src/main/AndroidManifest.xml:29:19-54
59        <activity
59-->src/main/AndroidManifest.xml:31:9-139
60            android:name="com.adobe.mobile.MessageFullScreenActivity"
60-->src/main/AndroidManifest.xml:31:19-76
61            android:theme="@android:style/Theme.Translucent.NoTitleBar" />
61-->src/main/AndroidManifest.xml:31:77-136
62
63        <receiver android:name="com.adobe.mobile.MessageNotificationHandler" />
63-->src/main/AndroidManifest.xml:35:9-80
63-->src/main/AndroidManifest.xml:35:19-77
64
65        <service
65-->[com.brightcove.player:exoplayer2:6.4.0] AndroidManifest.xml:13:9-15:40
66            android:name="com.brightcove.player.network.DownloadMonitorService"
66-->[com.brightcove.player:exoplayer2:6.4.0] AndroidManifest.xml:14:13-80
67            android:exported="false" />
67-->[com.brightcove.player:exoplayer2:6.4.0] AndroidManifest.xml:15:13-37
68
69        <meta-data
69-->[com.android.support:customtabs:26.1.0] AndroidManifest.xml:23:9-25:38
70            android:name="android.support.VERSION"
70-->[com.android.support:customtabs:26.1.0] AndroidManifest.xml:24:13-51
71            android:value="26.1.0" /> <!-- Include the AdActivity and InAppPurchaseActivity configChanges and themes. -->
71-->[com.android.support:customtabs:26.1.0] AndroidManifest.xml:25:13-35
72        <activity
72-->[com.google.android.gms:play-services-ads-lite:15.0.0] AndroidManifest.xml:29:9-33:64
73            android:name="com.google.android.gms.ads.AdActivity"
73-->[com.google.android.gms:play-services-ads-lite:15.0.0] AndroidManifest.xml:30:13-65
74            android:configChanges="keyboard|keyboardHidden|orientation|screenLayout|uiMode|screenSize|smallestScreenSize"
74-->[com.google.android.gms:play-services-ads-lite:15.0.0] AndroidManifest.xml:31:13-122
75            android:exported="false"
75-->[com.google.android.gms:play-services-ads-lite:15.0.0] AndroidManifest.xml:32:13-37
76            android:theme="@android:style/Theme.Translucent" />
76-->[com.google.android.gms:play-services-ads-lite:15.0.0] AndroidManifest.xml:33:13-61
77
78        <meta-data
78-->[com.google.android.gms:play-services-basement:15.0.1] AndroidManifest.xml:23:9-25:69
79            android:name="com.google.android.gms.version"
79-->[com.google.android.gms:play-services-basement:15.0.1] AndroidManifest.xml:24:13-58
80            android:value="@integer/google_play_services_version" /> <!-- If we don't register this Activity in the Manifest, apps using the SDK will crash when they try to access it. -->
80-->[com.google.android.gms:play-services-basement:15.0.1] AndroidManifest.xml:25:13-66
81        <!-- During the app's build process, this manifest will be merged with the app-level one. -->
82        <activity android:name="com.brightcove.player.captioning.BrightcoveCaptionPropertiesActivity" />
82-->[com.brightcove.player:android-sdk:6.4.0] AndroidManifest.xml:18:9-105
82-->[com.brightcove.player:android-sdk:6.4.0] AndroidManifest.xml:18:19-102
83
84        <service
84-->[com.brightcove.player:android-sdk:6.4.0] AndroidManifest.xml:20:9-22:38
85            android:name="com.brightcove.player.services.BrightcoveMediaPlayerService"
85-->[com.brightcove.player:android-sdk:6.4.0] AndroidManifest.xml:21:13-87
86            android:enabled="true" />
86-->[com.brightcove.player:android-sdk:6.4.0] AndroidManifest.xml:22:13-35
87        <service android:name="com.liulishuo.filedownloader.services.FileDownloadService$SharedMainProcessService" />
87-->[com.liulishuo.filedownloader:library:1.7.4] AndroidManifest.xml:12:9-118
87-->[com.liulishuo.filedownloader:library:1.7.4] AndroidManifest.xml:12:18-115
88        <service
88-->[com.liulishuo.filedownloader:library:1.7.4] AndroidManifest.xml:13:9-15:49
89            android:name="com.liulishuo.filedownloader.services.FileDownloadService$SeparateProcessService"
89-->[com.liulishuo.filedownloader:library:1.7.4] AndroidManifest.xml:14:13-108
90            android:process=":filedownloader" />
90-->[com.liulishuo.filedownloader:library:1.7.4] AndroidManifest.xml:15:13-46
91
92        <meta-data
92-->[android.arch.lifecycle:runtime:1.0.0] AndroidManifest.xml:25:9-27:47
93            android:name="android.arch.lifecycle.VERSION"
93-->[android.arch.lifecycle:runtime:1.0.0] AndroidManifest.xml:26:13-58
94            android:value="27.0.0-SNAPSHOT" />
94-->[android.arch.lifecycle:runtime:1.0.0] AndroidManifest.xml:27:13-44
95    </application>
96
97</manifest>